13:37:21 INFO  : Registering command handlers for SDK TCF services
13:37:21 INFO  : Launching XSCT server: xsct.bat -interactive C:\Users\Takuya\Documents\GitHub\eclypse_z7_test\IP_tutorial\IP_tutorial.sdk\temp_xsdb_launch_script.tcl
13:37:23 INFO  : XSCT server has started successfully.
13:37:26 INFO  : Successfully done setting XSCT server connection channel  
13:37:26 INFO  : Successfully done setting SDK workspace  
13:37:26 INFO  : Processing command line option -hwspec C:/Users/Takuya/Documents/GitHub/eclypse_z7_test/IP_tutorial/IP_tutorial.sdk/design_1_wrapper.hdf.
13:41:33 INFO  : Connected to target on host '127.0.0.1' and port '3121'.
13:41:33 INFO  : 'targets -set -filter {jtag_cable_name =~ "Digilent Eclypse Z7 210393AD7640A" && level==0} -index 1' command is executed.
13:41:36 INFO  : FPGA configured successfully with bitstream "C:/Users/Takuya/Documents/GitHub/eclypse_z7_test/IP_tutorial/IP_tutorial.sdk/design_1_wrapper_hw_platform_0/design_1_wrapper.bit"
13:42:11 INFO  : 'targets -set -filter {jtag_cable_name =~ "Digilent Eclypse Z7 210393AD7640A" && level==0} -index 1' command is executed.
13:42:11 INFO  : 'fpga -state' command is executed.
13:42:11 INFO  : Connected to target on host '127.0.0.1' and port '3121'.
13:42:11 INFO  : Jtag cable 'Digilent Eclypse Z7 210393AD7640A' is selected.
13:42:11 INFO  : 'jtag frequency' command is executed.
13:42:11 INFO  : Sourcing of 'C:/Users/Takuya/Documents/GitHub/eclypse_z7_test/IP_tutorial/IP_tutorial.sdk/design_1_wrapper_hw_platform_0/ps7_init.tcl' is done.
13:42:11 INFO  : Context for 'APU' is selected.
13:42:11 INFO  : Hardware design information is loaded from 'C:/Users/Takuya/Documents/GitHub/eclypse_z7_test/IP_tutorial/IP_tutorial.sdk/design_1_wrapper_hw_platform_0/system.hdf'.
13:42:11 INFO  : 'configparams force-mem-access 1' command is executed.
13:42:11 INFO  : Context for 'APU' is selected.
13:42:11 INFO  : 'stop' command is executed.
13:42:12 INFO  : 'ps7_init' command is executed.
13:42:12 INFO  : 'ps7_post_config' command is executed.
13:42:12 INFO  : Context for processor 'ps7_cortexa9_0' is selected.
13:42:12 INFO  : Processor reset is completed for 'ps7_cortexa9_0'.
13:42:12 INFO  : Context for processor 'ps7_cortexa9_0' is selected.
13:42:12 INFO  : The application 'C:/Users/Takuya/Documents/GitHub/eclypse_z7_test/IP_tutorial/IP_tutorial.sdk/zynq-test2/Debug/zynq-test2.elf' is downloaded to processor 'ps7_cortexa9_0'.
13:42:12 INFO  : 'configparams force-mem-access 0' command is executed.
13:42:12 INFO  : ----------------XSDB Script----------------
connect -url tcp:127.0.0.1:3121
source C:/Users/Takuya/Documents/GitHub/eclypse_z7_test/IP_tutorial/IP_tutorial.sdk/design_1_wrapper_hw_platform_0/ps7_init.tcl
targets -set -nocase -filter {name =~"APU*" && jtag_cable_name =~ "Digilent Eclypse Z7 210393AD7640A"} -index 0
loadhw -hw C:/Users/Takuya/Documents/GitHub/eclypse_z7_test/IP_tutorial/IP_tutorial.sdk/design_1_wrapper_hw_platform_0/system.hdf -mem-ranges [list {0x40000000 0xbfffffff}]
configparams force-mem-access 1
targets -set -nocase -filter {name =~"APU*" && jtag_cable_name =~ "Digilent Eclypse Z7 210393AD7640A"} -index 0
stop
ps7_init
ps7_post_config
targets -set -nocase -filter {name =~ "ARM*#0" && jtag_cable_name =~ "Digilent Eclypse Z7 210393AD7640A"} -index 0
rst -processor
targets -set -nocase -filter {name =~ "ARM*#0" && jtag_cable_name =~ "Digilent Eclypse Z7 210393AD7640A"} -index 0
dow C:/Users/Takuya/Documents/GitHub/eclypse_z7_test/IP_tutorial/IP_tutorial.sdk/zynq-test2/Debug/zynq-test2.elf
configparams force-mem-access 0
----------------End of Script----------------

13:42:12 INFO  : Memory regions updated for context APU
13:42:12 INFO  : Context for processor 'ps7_cortexa9_0' is selected.
13:42:12 INFO  : 'con' command is executed.
13:42:12 INFO  : ----------------XSDB Script (After Launch)----------------
targets -set -nocase -filter {name =~ "ARM*#0" && jtag_cable_name =~ "Digilent Eclypse Z7 210393AD7640A"} -index 0
con
----------------End of Script----------------

13:42:12 INFO  : Launch script is exported to file 'C:\Users\Takuya\Documents\GitHub\eclypse_z7_test\IP_tutorial\IP_tutorial.sdk\.sdk\launch_scripts\xilinx_c-c++_application_(system_debugger)\system_debugger_using_debug_zynq-test2.elf_on_local.tcl'
13:47:36 INFO  : Disconnected from the channel tcfchan#1.
13:47:37 INFO  : 'targets -set -filter {jtag_cable_name =~ "Digilent Eclypse Z7 210393AD7640A" && level==0} -index 1' command is executed.
13:47:37 INFO  : 'fpga -state' command is executed.
13:47:37 INFO  : Connected to target on host '127.0.0.1' and port '3121'.
13:47:37 INFO  : Jtag cable 'Digilent Eclypse Z7 210393AD7640A' is selected.
13:47:37 INFO  : 'jtag frequency' command is executed.
13:47:37 INFO  : Sourcing of 'C:/Users/Takuya/Documents/GitHub/eclypse_z7_test/IP_tutorial/IP_tutorial.sdk/design_1_wrapper_hw_platform_0/ps7_init.tcl' is done.
13:47:37 INFO  : Context for 'APU' is selected.
13:47:38 INFO  : Hardware design information is loaded from 'C:/Users/Takuya/Documents/GitHub/eclypse_z7_test/IP_tutorial/IP_tutorial.sdk/design_1_wrapper_hw_platform_0/system.hdf'.
13:47:38 INFO  : 'configparams force-mem-access 1' command is executed.
13:47:38 INFO  : Context for 'APU' is selected.
13:47:38 INFO  : 'stop' command is executed.
13:47:39 INFO  : 'ps7_init' command is executed.
13:47:39 INFO  : 'ps7_post_config' command is executed.
13:47:39 INFO  : Context for processor 'ps7_cortexa9_0' is selected.
13:47:39 INFO  : Processor reset is completed for 'ps7_cortexa9_0'.
13:47:39 INFO  : Context for processor 'ps7_cortexa9_0' is selected.
13:47:39 INFO  : The application 'C:/Users/Takuya/Documents/GitHub/eclypse_z7_test/IP_tutorial/IP_tutorial.sdk/zynq-test2/Debug/zynq-test2.elf' is downloaded to processor 'ps7_cortexa9_0'.
13:47:39 INFO  : 'configparams force-mem-access 0' command is executed.
13:47:39 INFO  : ----------------XSDB Script----------------
connect -url tcp:127.0.0.1:3121
source C:/Users/Takuya/Documents/GitHub/eclypse_z7_test/IP_tutorial/IP_tutorial.sdk/design_1_wrapper_hw_platform_0/ps7_init.tcl
targets -set -nocase -filter {name =~"APU*" && jtag_cable_name =~ "Digilent Eclypse Z7 210393AD7640A"} -index 0
loadhw -hw C:/Users/Takuya/Documents/GitHub/eclypse_z7_test/IP_tutorial/IP_tutorial.sdk/design_1_wrapper_hw_platform_0/system.hdf -mem-ranges [list {0x40000000 0xbfffffff}]
configparams force-mem-access 1
targets -set -nocase -filter {name =~"APU*" && jtag_cable_name =~ "Digilent Eclypse Z7 210393AD7640A"} -index 0
stop
ps7_init
ps7_post_config
targets -set -nocase -filter {name =~ "ARM*#0" && jtag_cable_name =~ "Digilent Eclypse Z7 210393AD7640A"} -index 0
rst -processor
targets -set -nocase -filter {name =~ "ARM*#0" && jtag_cable_name =~ "Digilent Eclypse Z7 210393AD7640A"} -index 0
dow C:/Users/Takuya/Documents/GitHub/eclypse_z7_test/IP_tutorial/IP_tutorial.sdk/zynq-test2/Debug/zynq-test2.elf
configparams force-mem-access 0
----------------End of Script----------------

13:47:39 INFO  : Memory regions updated for context APU
13:47:39 INFO  : Context for processor 'ps7_cortexa9_0' is selected.
13:47:39 INFO  : 'con' command is executed.
13:47:39 INFO  : ----------------XSDB Script (After Launch)----------------
targets -set -nocase -filter {name =~ "ARM*#0" && jtag_cable_name =~ "Digilent Eclypse Z7 210393AD7640A"} -index 0
con
----------------End of Script----------------

13:47:39 INFO  : Launch script is exported to file 'C:\Users\Takuya\Documents\GitHub\eclypse_z7_test\IP_tutorial\IP_tutorial.sdk\.sdk\launch_scripts\xilinx_c-c++_application_(system_debugger)\system_debugger_using_debug_zynq-test2.elf_on_local.tcl'
13:47:53 INFO  : Disconnected from the channel tcfchan#2.
13:47:54 INFO  : 'targets -set -filter {jtag_cable_name =~ "Digilent Eclypse Z7 210393AD7640A" && level==0} -index 1' command is executed.
13:47:54 INFO  : 'fpga -state' command is executed.
13:47:54 INFO  : Connected to target on host '127.0.0.1' and port '3121'.
13:47:54 INFO  : Jtag cable 'Digilent Eclypse Z7 210393AD7640A' is selected.
13:47:54 INFO  : 'jtag frequency' command is executed.
13:47:54 INFO  : Sourcing of 'C:/Users/Takuya/Documents/GitHub/eclypse_z7_test/IP_tutorial/IP_tutorial.sdk/design_1_wrapper_hw_platform_0/ps7_init.tcl' is done.
13:47:54 INFO  : Context for 'APU' is selected.
13:47:55 INFO  : Hardware design information is loaded from 'C:/Users/Takuya/Documents/GitHub/eclypse_z7_test/IP_tutorial/IP_tutorial.sdk/design_1_wrapper_hw_platform_0/system.hdf'.
13:47:55 INFO  : 'configparams force-mem-access 1' command is executed.
13:47:55 INFO  : Context for 'APU' is selected.
13:47:55 INFO  : 'stop' command is executed.
13:47:56 INFO  : 'ps7_init' command is executed.
13:47:56 INFO  : 'ps7_post_config' command is executed.
13:47:56 INFO  : Context for processor 'ps7_cortexa9_0' is selected.
13:47:56 INFO  : Processor reset is completed for 'ps7_cortexa9_0'.
13:47:56 INFO  : Context for processor 'ps7_cortexa9_0' is selected.
13:47:56 INFO  : The application 'C:/Users/Takuya/Documents/GitHub/eclypse_z7_test/IP_tutorial/IP_tutorial.sdk/zynq-test2/Debug/zynq-test2.elf' is downloaded to processor 'ps7_cortexa9_0'.
13:47:56 INFO  : 'configparams force-mem-access 0' command is executed.
13:47:56 INFO  : ----------------XSDB Script----------------
connect -url tcp:127.0.0.1:3121
source C:/Users/Takuya/Documents/GitHub/eclypse_z7_test/IP_tutorial/IP_tutorial.sdk/design_1_wrapper_hw_platform_0/ps7_init.tcl
targets -set -nocase -filter {name =~"APU*" && jtag_cable_name =~ "Digilent Eclypse Z7 210393AD7640A"} -index 0
loadhw -hw C:/Users/Takuya/Documents/GitHub/eclypse_z7_test/IP_tutorial/IP_tutorial.sdk/design_1_wrapper_hw_platform_0/system.hdf -mem-ranges [list {0x40000000 0xbfffffff}]
configparams force-mem-access 1
targets -set -nocase -filter {name =~"APU*" && jtag_cable_name =~ "Digilent Eclypse Z7 210393AD7640A"} -index 0
stop
ps7_init
ps7_post_config
targets -set -nocase -filter {name =~ "ARM*#0" && jtag_cable_name =~ "Digilent Eclypse Z7 210393AD7640A"} -index 0
rst -processor
targets -set -nocase -filter {name =~ "ARM*#0" && jtag_cable_name =~ "Digilent Eclypse Z7 210393AD7640A"} -index 0
dow C:/Users/Takuya/Documents/GitHub/eclypse_z7_test/IP_tutorial/IP_tutorial.sdk/zynq-test2/Debug/zynq-test2.elf
configparams force-mem-access 0
----------------End of Script----------------

13:47:56 INFO  : Memory regions updated for context APU
13:47:56 INFO  : Context for processor 'ps7_cortexa9_0' is selected.
13:47:56 INFO  : 'con' command is executed.
13:47:56 INFO  : ----------------XSDB Script (After Launch)----------------
targets -set -nocase -filter {name =~ "ARM*#0" && jtag_cable_name =~ "Digilent Eclypse Z7 210393AD7640A"} -index 0
con
----------------End of Script----------------

13:47:56 INFO  : Launch script is exported to file 'C:\Users\Takuya\Documents\GitHub\eclypse_z7_test\IP_tutorial\IP_tutorial.sdk\.sdk\launch_scripts\xilinx_c-c++_application_(system_debugger)\system_debugger_using_debug_zynq-test2.elf_on_local.tcl'
13:48:24 INFO  : Disconnected from the channel tcfchan#3.
13:48:25 INFO  : 'targets -set -filter {jtag_cable_name =~ "Digilent Eclypse Z7 210393AD7640A" && level==0} -index 1' command is executed.
13:48:25 INFO  : 'fpga -state' command is executed.
13:48:25 INFO  : Connected to target on host '127.0.0.1' and port '3121'.
13:48:25 INFO  : Jtag cable 'Digilent Eclypse Z7 210393AD7640A' is selected.
13:48:25 INFO  : 'jtag frequency' command is executed.
13:48:25 INFO  : Sourcing of 'C:/Users/Takuya/Documents/GitHub/eclypse_z7_test/IP_tutorial/IP_tutorial.sdk/design_1_wrapper_hw_platform_0/ps7_init.tcl' is done.
13:48:25 INFO  : Context for 'APU' is selected.
13:48:26 INFO  : Hardware design information is loaded from 'C:/Users/Takuya/Documents/GitHub/eclypse_z7_test/IP_tutorial/IP_tutorial.sdk/design_1_wrapper_hw_platform_0/system.hdf'.
13:48:26 INFO  : 'configparams force-mem-access 1' command is executed.
13:48:26 INFO  : Context for 'APU' is selected.
13:48:26 INFO  : 'stop' command is executed.
13:48:27 INFO  : 'ps7_init' command is executed.
13:48:27 INFO  : 'ps7_post_config' command is executed.
13:48:27 INFO  : Context for processor 'ps7_cortexa9_0' is selected.
13:48:27 INFO  : Processor reset is completed for 'ps7_cortexa9_0'.
13:48:27 INFO  : Context for processor 'ps7_cortexa9_0' is selected.
13:48:28 INFO  : The application 'C:/Users/Takuya/Documents/GitHub/eclypse_z7_test/IP_tutorial/IP_tutorial.sdk/zynq-test2/Debug/zynq-test2.elf' is downloaded to processor 'ps7_cortexa9_0'.
13:48:28 INFO  : 'configparams force-mem-access 0' command is executed.
13:48:28 INFO  : ----------------XSDB Script----------------
connect -url tcp:127.0.0.1:3121
source C:/Users/Takuya/Documents/GitHub/eclypse_z7_test/IP_tutorial/IP_tutorial.sdk/design_1_wrapper_hw_platform_0/ps7_init.tcl
targets -set -nocase -filter {name =~"APU*" && jtag_cable_name =~ "Digilent Eclypse Z7 210393AD7640A"} -index 0
loadhw -hw C:/Users/Takuya/Documents/GitHub/eclypse_z7_test/IP_tutorial/IP_tutorial.sdk/design_1_wrapper_hw_platform_0/system.hdf -mem-ranges [list {0x40000000 0xbfffffff}]
configparams force-mem-access 1
targets -set -nocase -filter {name =~"APU*" && jtag_cable_name =~ "Digilent Eclypse Z7 210393AD7640A"} -index 0
stop
ps7_init
ps7_post_config
targets -set -nocase -filter {name =~ "ARM*#0" && jtag_cable_name =~ "Digilent Eclypse Z7 210393AD7640A"} -index 0
rst -processor
targets -set -nocase -filter {name =~ "ARM*#0" && jtag_cable_name =~ "Digilent Eclypse Z7 210393AD7640A"} -index 0
dow C:/Users/Takuya/Documents/GitHub/eclypse_z7_test/IP_tutorial/IP_tutorial.sdk/zynq-test2/Debug/zynq-test2.elf
configparams force-mem-access 0
----------------End of Script----------------

13:48:28 INFO  : Memory regions updated for context APU
13:48:28 INFO  : Context for processor 'ps7_cortexa9_0' is selected.
13:48:28 INFO  : 'con' command is executed.
13:48:28 INFO  : ----------------XSDB Script (After Launch)----------------
targets -set -nocase -filter {name =~ "ARM*#0" && jtag_cable_name =~ "Digilent Eclypse Z7 210393AD7640A"} -index 0
con
----------------End of Script----------------

13:48:28 INFO  : Launch script is exported to file 'C:\Users\Takuya\Documents\GitHub\eclypse_z7_test\IP_tutorial\IP_tutorial.sdk\.sdk\launch_scripts\xilinx_c-c++_application_(system_debugger)\system_debugger_using_debug_zynq-test2.elf_on_local.tcl'
13:48:59 INFO  : Disconnected from the channel tcfchan#4.
13:49:00 INFO  : 'targets -set -filter {jtag_cable_name =~ "Digilent Eclypse Z7 210393AD7640A" && level==0} -index 1' command is executed.
13:49:00 INFO  : 'fpga -state' command is executed.
13:49:00 INFO  : Connected to target on host '127.0.0.1' and port '3121'.
13:49:00 INFO  : Jtag cable 'Digilent Eclypse Z7 210393AD7640A' is selected.
13:49:00 INFO  : 'jtag frequency' command is executed.
13:49:00 INFO  : Sourcing of 'C:/Users/Takuya/Documents/GitHub/eclypse_z7_test/IP_tutorial/IP_tutorial.sdk/design_1_wrapper_hw_platform_0/ps7_init.tcl' is done.
13:49:00 INFO  : Context for 'APU' is selected.
13:49:02 INFO  : Hardware design information is loaded from 'C:/Users/Takuya/Documents/GitHub/eclypse_z7_test/IP_tutorial/IP_tutorial.sdk/design_1_wrapper_hw_platform_0/system.hdf'.
13:49:02 INFO  : 'configparams force-mem-access 1' command is executed.
13:49:02 INFO  : Context for 'APU' is selected.
13:49:02 INFO  : 'stop' command is executed.
13:49:02 INFO  : 'ps7_init' command is executed.
13:49:02 INFO  : 'ps7_post_config' command is executed.
13:49:02 INFO  : Context for processor 'ps7_cortexa9_0' is selected.
13:49:02 INFO  : Processor reset is completed for 'ps7_cortexa9_0'.
13:49:02 INFO  : Context for processor 'ps7_cortexa9_0' is selected.
13:49:02 INFO  : The application 'C:/Users/Takuya/Documents/GitHub/eclypse_z7_test/IP_tutorial/IP_tutorial.sdk/zynq-test2/Debug/zynq-test2.elf' is downloaded to processor 'ps7_cortexa9_0'.
13:49:02 INFO  : 'configparams force-mem-access 0' command is executed.
13:49:02 INFO  : ----------------XSDB Script----------------
connect -url tcp:127.0.0.1:3121
source C:/Users/Takuya/Documents/GitHub/eclypse_z7_test/IP_tutorial/IP_tutorial.sdk/design_1_wrapper_hw_platform_0/ps7_init.tcl
targets -set -nocase -filter {name =~"APU*" && jtag_cable_name =~ "Digilent Eclypse Z7 210393AD7640A"} -index 0
loadhw -hw C:/Users/Takuya/Documents/GitHub/eclypse_z7_test/IP_tutorial/IP_tutorial.sdk/design_1_wrapper_hw_platform_0/system.hdf -mem-ranges [list {0x40000000 0xbfffffff}]
configparams force-mem-access 1
targets -set -nocase -filter {name =~"APU*" && jtag_cable_name =~ "Digilent Eclypse Z7 210393AD7640A"} -index 0
stop
ps7_init
ps7_post_config
targets -set -nocase -filter {name =~ "ARM*#0" && jtag_cable_name =~ "Digilent Eclypse Z7 210393AD7640A"} -index 0
rst -processor
targets -set -nocase -filter {name =~ "ARM*#0" && jtag_cable_name =~ "Digilent Eclypse Z7 210393AD7640A"} -index 0
dow C:/Users/Takuya/Documents/GitHub/eclypse_z7_test/IP_tutorial/IP_tutorial.sdk/zynq-test2/Debug/zynq-test2.elf
configparams force-mem-access 0
----------------End of Script----------------

13:49:03 INFO  : Memory regions updated for context APU
13:49:03 INFO  : Context for processor 'ps7_cortexa9_0' is selected.
13:49:03 INFO  : 'con' command is executed.
13:49:03 INFO  : ----------------XSDB Script (After Launch)----------------
targets -set -nocase -filter {name =~ "ARM*#0" && jtag_cable_name =~ "Digilent Eclypse Z7 210393AD7640A"} -index 0
con
----------------End of Script----------------

13:49:03 INFO  : Launch script is exported to file 'C:\Users\Takuya\Documents\GitHub\eclypse_z7_test\IP_tutorial\IP_tutorial.sdk\.sdk\launch_scripts\xilinx_c-c++_application_(system_debugger)\system_debugger_using_debug_zynq-test2.elf_on_local.tcl'
13:49:34 INFO  : Disconnected from the channel tcfchan#5.
13:49:35 INFO  : 'targets -set -filter {jtag_cable_name =~ "Digilent Eclypse Z7 210393AD7640A" && level==0} -index 1' command is executed.
13:49:35 INFO  : 'fpga -state' command is executed.
13:49:35 INFO  : Connected to target on host '127.0.0.1' and port '3121'.
13:49:35 INFO  : Jtag cable 'Digilent Eclypse Z7 210393AD7640A' is selected.
13:49:35 INFO  : 'jtag frequency' command is executed.
13:49:35 INFO  : Sourcing of 'C:/Users/Takuya/Documents/GitHub/eclypse_z7_test/IP_tutorial/IP_tutorial.sdk/design_1_wrapper_hw_platform_0/ps7_init.tcl' is done.
13:49:35 INFO  : Context for 'APU' is selected.
13:49:37 INFO  : Hardware design information is loaded from 'C:/Users/Takuya/Documents/GitHub/eclypse_z7_test/IP_tutorial/IP_tutorial.sdk/design_1_wrapper_hw_platform_0/system.hdf'.
13:49:37 INFO  : 'configparams force-mem-access 1' command is executed.
13:49:37 INFO  : Context for 'APU' is selected.
13:49:37 INFO  : 'stop' command is executed.
13:49:37 INFO  : 'ps7_init' command is executed.
13:49:37 INFO  : 'ps7_post_config' command is executed.
13:49:37 INFO  : Context for processor 'ps7_cortexa9_0' is selected.
13:49:37 INFO  : Processor reset is completed for 'ps7_cortexa9_0'.
13:49:37 INFO  : Context for processor 'ps7_cortexa9_0' is selected.
13:49:37 INFO  : The application 'C:/Users/Takuya/Documents/GitHub/eclypse_z7_test/IP_tutorial/IP_tutorial.sdk/zynq-test2/Debug/zynq-test2.elf' is downloaded to processor 'ps7_cortexa9_0'.
13:49:37 INFO  : 'configparams force-mem-access 0' command is executed.
13:49:37 INFO  : ----------------XSDB Script----------------
connect -url tcp:127.0.0.1:3121
source C:/Users/Takuya/Documents/GitHub/eclypse_z7_test/IP_tutorial/IP_tutorial.sdk/design_1_wrapper_hw_platform_0/ps7_init.tcl
targets -set -nocase -filter {name =~"APU*" && jtag_cable_name =~ "Digilent Eclypse Z7 210393AD7640A"} -index 0
loadhw -hw C:/Users/Takuya/Documents/GitHub/eclypse_z7_test/IP_tutorial/IP_tutorial.sdk/design_1_wrapper_hw_platform_0/system.hdf -mem-ranges [list {0x40000000 0xbfffffff}]
configparams force-mem-access 1
targets -set -nocase -filter {name =~"APU*" && jtag_cable_name =~ "Digilent Eclypse Z7 210393AD7640A"} -index 0
stop
ps7_init
ps7_post_config
targets -set -nocase -filter {name =~ "ARM*#0" && jtag_cable_name =~ "Digilent Eclypse Z7 210393AD7640A"} -index 0
rst -processor
targets -set -nocase -filter {name =~ "ARM*#0" && jtag_cable_name =~ "Digilent Eclypse Z7 210393AD7640A"} -index 0
dow C:/Users/Takuya/Documents/GitHub/eclypse_z7_test/IP_tutorial/IP_tutorial.sdk/zynq-test2/Debug/zynq-test2.elf
configparams force-mem-access 0
----------------End of Script----------------

13:49:37 INFO  : Memory regions updated for context APU
13:49:37 INFO  : Context for processor 'ps7_cortexa9_0' is selected.
13:49:37 INFO  : 'con' command is executed.
13:49:37 INFO  : ----------------XSDB Script (After Launch)----------------
targets -set -nocase -filter {name =~ "ARM*#0" && jtag_cable_name =~ "Digilent Eclypse Z7 210393AD7640A"} -index 0
con
----------------End of Script----------------

13:49:37 INFO  : Launch script is exported to file 'C:\Users\Takuya\Documents\GitHub\eclypse_z7_test\IP_tutorial\IP_tutorial.sdk\.sdk\launch_scripts\xilinx_c-c++_application_(system_debugger)\system_debugger_using_debug_zynq-test2.elf_on_local.tcl'
13:51:49 INFO  : Disconnected from the channel tcfchan#6.
13:51:50 INFO  : 'targets -set -filter {jtag_cable_name =~ "Digilent Eclypse Z7 210393AD7640A" && level==0} -index 1' command is executed.
13:51:50 INFO  : 'fpga -state' command is executed.
13:51:50 INFO  : Connected to target on host '127.0.0.1' and port '3121'.
13:51:50 INFO  : Jtag cable 'Digilent Eclypse Z7 210393AD7640A' is selected.
13:51:50 INFO  : 'jtag frequency' command is executed.
13:51:50 INFO  : Sourcing of 'C:/Users/Takuya/Documents/GitHub/eclypse_z7_test/IP_tutorial/IP_tutorial.sdk/design_1_wrapper_hw_platform_0/ps7_init.tcl' is done.
13:51:50 INFO  : Context for 'APU' is selected.
13:51:51 INFO  : Hardware design information is loaded from 'C:/Users/Takuya/Documents/GitHub/eclypse_z7_test/IP_tutorial/IP_tutorial.sdk/design_1_wrapper_hw_platform_0/system.hdf'.
13:51:51 INFO  : 'configparams force-mem-access 1' command is executed.
13:51:51 INFO  : Context for 'APU' is selected.
13:51:51 INFO  : 'stop' command is executed.
13:51:52 INFO  : 'ps7_init' command is executed.
13:51:52 INFO  : 'ps7_post_config' command is executed.
13:51:52 INFO  : Context for processor 'ps7_cortexa9_0' is selected.
13:51:52 INFO  : Processor reset is completed for 'ps7_cortexa9_0'.
13:51:52 INFO  : Context for processor 'ps7_cortexa9_0' is selected.
13:51:52 INFO  : The application 'C:/Users/Takuya/Documents/GitHub/eclypse_z7_test/IP_tutorial/IP_tutorial.sdk/zynq-test2/Debug/zynq-test2.elf' is downloaded to processor 'ps7_cortexa9_0'.
13:51:52 INFO  : 'configparams force-mem-access 0' command is executed.
13:51:52 INFO  : ----------------XSDB Script----------------
connect -url tcp:127.0.0.1:3121
source C:/Users/Takuya/Documents/GitHub/eclypse_z7_test/IP_tutorial/IP_tutorial.sdk/design_1_wrapper_hw_platform_0/ps7_init.tcl
targets -set -nocase -filter {name =~"APU*" && jtag_cable_name =~ "Digilent Eclypse Z7 210393AD7640A"} -index 0
loadhw -hw C:/Users/Takuya/Documents/GitHub/eclypse_z7_test/IP_tutorial/IP_tutorial.sdk/design_1_wrapper_hw_platform_0/system.hdf -mem-ranges [list {0x40000000 0xbfffffff}]
configparams force-mem-access 1
targets -set -nocase -filter {name =~"APU*" && jtag_cable_name =~ "Digilent Eclypse Z7 210393AD7640A"} -index 0
stop
ps7_init
ps7_post_config
targets -set -nocase -filter {name =~ "ARM*#0" && jtag_cable_name =~ "Digilent Eclypse Z7 210393AD7640A"} -index 0
rst -processor
targets -set -nocase -filter {name =~ "ARM*#0" && jtag_cable_name =~ "Digilent Eclypse Z7 210393AD7640A"} -index 0
dow C:/Users/Takuya/Documents/GitHub/eclypse_z7_test/IP_tutorial/IP_tutorial.sdk/zynq-test2/Debug/zynq-test2.elf
configparams force-mem-access 0
----------------End of Script----------------

13:51:52 INFO  : Memory regions updated for context APU
13:51:52 INFO  : Context for processor 'ps7_cortexa9_0' is selected.
13:51:52 INFO  : 'con' command is executed.
13:51:52 INFO  : ----------------XSDB Script (After Launch)----------------
targets -set -nocase -filter {name =~ "ARM*#0" && jtag_cable_name =~ "Digilent Eclypse Z7 210393AD7640A"} -index 0
con
----------------End of Script----------------

13:51:52 INFO  : Launch script is exported to file 'C:\Users\Takuya\Documents\GitHub\eclypse_z7_test\IP_tutorial\IP_tutorial.sdk\.sdk\launch_scripts\xilinx_c-c++_application_(system_debugger)\system_debugger_using_debug_zynq-test2.elf_on_local.tcl'
13:52:31 INFO  : Disconnected from the channel tcfchan#7.
13:53:00 INFO  : Registering command handlers for SDK TCF services
13:53:00 INFO  : Launching XSCT server: xsct.bat -interactive C:\Users\Takuya\Documents\GitHub\eclypse_z7_test\IP_tutorial\IP_tutorial.sdk\temp_xsdb_launch_script.tcl
13:53:02 INFO  : XSCT server has started successfully.
13:53:02 INFO  : Successfully done setting XSCT server connection channel  
13:53:02 INFO  : Successfully done setting SDK workspace  
13:53:02 INFO  : Processing command line option -hwspec C:/Users/Takuya/Documents/GitHub/eclypse_z7_test/IP_tutorial/IP_tutorial.sdk/design_1_wrapper.hdf.
13:53:02 INFO  : Checking for hwspec changes in the project design_1_wrapper_hw_platform_0.
13:53:23 INFO  : 'targets -set -filter {jtag_cable_name =~ "Digilent Eclypse Z7 210393AD7640A" && level==0} -index 1' command is executed.
13:53:23 INFO  : 'fpga -state' command is executed.
13:53:23 INFO  : Connected to target on host '127.0.0.1' and port '3121'.
13:53:24 INFO  : Jtag cable 'Digilent Eclypse Z7 210393AD7640A' is selected.
13:53:24 INFO  : 'jtag frequency' command is executed.
13:53:24 INFO  : Sourcing of 'C:/Users/Takuya/Documents/GitHub/eclypse_z7_test/IP_tutorial/IP_tutorial.sdk/design_1_wrapper_hw_platform_0/ps7_init.tcl' is done.
13:53:24 INFO  : Context for 'APU' is selected.
13:53:24 INFO  : Hardware design information is loaded from 'C:/Users/Takuya/Documents/GitHub/eclypse_z7_test/IP_tutorial/IP_tutorial.sdk/design_1_wrapper_hw_platform_0/system.hdf'.
13:53:24 INFO  : 'configparams force-mem-access 1' command is executed.
13:53:24 INFO  : Context for 'APU' is selected.
13:53:24 INFO  : 'stop' command is executed.
13:53:24 INFO  : 'ps7_init' command is executed.
13:53:24 INFO  : 'ps7_post_config' command is executed.
13:53:24 INFO  : Context for processor 'ps7_cortexa9_0' is selected.
13:53:24 INFO  : Processor reset is completed for 'ps7_cortexa9_0'.
13:53:24 INFO  : Context for processor 'ps7_cortexa9_0' is selected.
13:53:24 INFO  : The application 'C:/Users/Takuya/Documents/GitHub/eclypse_z7_test/IP_tutorial/IP_tutorial.sdk/zynq-test2/Debug/zynq-test2.elf' is downloaded to processor 'ps7_cortexa9_0'.
13:53:24 INFO  : 'configparams force-mem-access 0' command is executed.
13:53:24 INFO  : ----------------XSDB Script----------------
connect -url tcp:127.0.0.1:3121
source C:/Users/Takuya/Documents/GitHub/eclypse_z7_test/IP_tutorial/IP_tutorial.sdk/design_1_wrapper_hw_platform_0/ps7_init.tcl
targets -set -nocase -filter {name =~"APU*" && jtag_cable_name =~ "Digilent Eclypse Z7 210393AD7640A"} -index 0
loadhw -hw C:/Users/Takuya/Documents/GitHub/eclypse_z7_test/IP_tutorial/IP_tutorial.sdk/design_1_wrapper_hw_platform_0/system.hdf -mem-ranges [list {0x40000000 0xbfffffff}]
configparams force-mem-access 1
targets -set -nocase -filter {name =~"APU*" && jtag_cable_name =~ "Digilent Eclypse Z7 210393AD7640A"} -index 0
stop
ps7_init
ps7_post_config
targets -set -nocase -filter {name =~ "ARM*#0" && jtag_cable_name =~ "Digilent Eclypse Z7 210393AD7640A"} -index 0
rst -processor
targets -set -nocase -filter {name =~ "ARM*#0" && jtag_cable_name =~ "Digilent Eclypse Z7 210393AD7640A"} -index 0
dow C:/Users/Takuya/Documents/GitHub/eclypse_z7_test/IP_tutorial/IP_tutorial.sdk/zynq-test2/Debug/zynq-test2.elf
configparams force-mem-access 0
----------------End of Script----------------

13:53:24 INFO  : Memory regions updated for context APU
13:53:25 INFO  : Context for processor 'ps7_cortexa9_0' is selected.
13:53:25 INFO  : 'con' command is executed.
13:53:25 INFO  : ----------------XSDB Script (After Launch)----------------
targets -set -nocase -filter {name =~ "ARM*#0" && jtag_cable_name =~ "Digilent Eclypse Z7 210393AD7640A"} -index 0
con
----------------End of Script----------------

13:53:25 INFO  : Launch script is exported to file 'C:\Users\Takuya\Documents\GitHub\eclypse_z7_test\IP_tutorial\IP_tutorial.sdk\.sdk\launch_scripts\xilinx_c-c++_application_(system_debugger)\system_debugger_using_debug_zynq-test2.elf_on_local.tcl'
14:35:53 INFO  : Disconnected from the channel tcfchan#1.
