
*** Running vivado
    with args -log test1.vdi -applog -m64 -product Vivado -messageDb vivado.pb -mode batch -source test1.tcl -notrace


****** Vivado v2019.1 (64-bit)
  **** SW Build 2552052 on Fri May 24 14:49:42 MDT 2019
  **** IP Build 2548770 on Fri May 24 18:01:18 MDT 2019
    ** Copyright 1986-2019 Xilinx, Inc. All Rights Reserved.

source test1.tcl -notrace
Command: link_design -top test1 -part xc7z020clg484-1
Design is defaulting to srcset: sources_1
Design is defaulting to constrset: constrs_1
INFO: [Device 21-403] Loading part xc7z020clg484-1
INFO: [Netlist 29-17] Analyzing 7 Unisim elements for replacement
INFO: [Netlist 29-28] Unisim Transformation completed in 0 CPU seconds
INFO: [Project 1-479] Netlist was created with Vivado 2019.1
INFO: [Project 1-570] Preparing netlist for logic optimization
Parsing XDC File [C:/Users/Takuya/Documents/GitHub/eclypse_z7_test/LED_blink/LED_blink.srcs/constrs_1/imports/digilent-xdc/Eclypse-Z7-Master.xdc]
Finished Parsing XDC File [C:/Users/Takuya/Documents/GitHub/eclypse_z7_test/LED_blink/LED_blink.srcs/constrs_1/imports/digilent-xdc/Eclypse-Z7-Master.xdc]
INFO: [Opt 31-138] Pushed 0 inverter(s) to 0 load pin(s).
Netlist sorting complete. Time (s): cpu = 00:00:00 ; elapsed = 00:00:00 . Memory (MB): peak = 800.172 ; gain = 0.000
INFO: [Project 1-111] Unisim Transformation Summary:
No Unisim elements were transformed.

7 Infos, 0 Warnings, 0 Critical Warnings and 0 Errors encountered.
link_design completed successfully
link_design: Time (s): cpu = 00:00:05 ; elapsed = 00:00:06 . Memory (MB): peak = 804.195 ; gain = 417.613
Command: opt_design
Attempting to get a license for feature 'Implementation' and/or device 'xc7z020'
INFO: [Common 17-349] Got license for feature 'Implementation' and/or device 'xc7z020'
Running DRC as a precondition to command opt_design

Starting DRC Task
INFO: [DRC 23-27] Running DRC with 2 threads
INFO: [Project 1-461] DRC finished with 0 Errors
INFO: [Project 1-462] Please refer to the DRC report (report_drc) for more information.

Time (s): cpu = 00:00:00 ; elapsed = 00:00:00.423 . Memory (MB): peak = 822.191 ; gain = 17.996

Starting Cache Timing Information Task
INFO: [Timing 38-35] Done setting XDC timing constraints.
Ending Cache Timing Information Task | Checksum: 1c110d012

Time (s): cpu = 00:00:06 ; elapsed = 00:00:06 . Memory (MB): peak = 1330.688 ; gain = 508.496

Starting Logic Optimization Task

Phase 1 Retarget
INFO: [Opt 31-138] Pushed 0 inverter(s) to 0 load pin(s).
INFO: [Opt 31-49] Retargeted 0 cell(s).
Phase 1 Retarget | Checksum: 1c110d012

Time (s): cpu = 00:00:00 ; elapsed = 00:00:00.019 . Memory (MB): peak = 1473.711 ; gain = 0.000
INFO: [Opt 31-389] Phase Retarget created 0 cells and removed 0 cells

Phase 2 Constant propagation
INFO: [Opt 31-138] Pushed 0 inverter(s) to 0 load pin(s).
Phase 2 Constant propagation | Checksum: 1c110d012

Time (s): cpu = 00:00:00 ; elapsed = 00:00:00.022 . Memory (MB): peak = 1473.711 ; gain = 0.000
INFO: [Opt 31-389] Phase Constant propagation created 0 cells and removed 0 cells

Phase 3 Sweep
Phase 3 Sweep | Checksum: 2272348f9

Time (s): cpu = 00:00:00 ; elapsed = 00:00:00.027 . Memory (MB): peak = 1473.711 ; gain = 0.000
INFO: [Opt 31-389] Phase Sweep created 0 cells and removed 0 cells

Phase 4 BUFG optimization
Phase 4 BUFG optimization | Checksum: 2272348f9

Time (s): cpu = 00:00:00 ; elapsed = 00:00:00.029 . Memory (MB): peak = 1473.711 ; gain = 0.000
INFO: [Opt 31-662] Phase BUFG optimization created 0 cells of which 0 are BUFGs and removed 0 cells.

Phase 5 Shift Register Optimization
INFO: [Opt 31-1064] SRL Remap converted 0 SRLs to 0 registers and converted 0 registers of register chains to 0 SRLs
Phase 5 Shift Register Optimization | Checksum: 2272348f9

Time (s): cpu = 00:00:00 ; elapsed = 00:00:00.031 . Memory (MB): peak = 1473.711 ; gain = 0.000
INFO: [Opt 31-389] Phase Shift Register Optimization created 0 cells and removed 0 cells

Phase 6 Post Processing Netlist
Phase 6 Post Processing Netlist | Checksum: 2272348f9

Time (s): cpu = 00:00:00 ; elapsed = 00:00:00.032 . Memory (MB): peak = 1473.711 ; gain = 0.000
INFO: [Opt 31-389] Phase Post Processing Netlist created 0 cells and removed 0 cells
Opt_design Change Summary
=========================


-------------------------------------------------------------------------------------------------------------------------
|  Phase                        |  #Cells created  |  #Cells Removed  |  #Constrained objects preventing optimizations  |
-------------------------------------------------------------------------------------------------------------------------
|  Retarget                     |               0  |               0  |                                              0  |
|  Constant propagation         |               0  |               0  |                                              0  |
|  Sweep                        |               0  |               0  |                                              0  |
|  BUFG optimization            |               0  |               0  |                                              0  |
|  Shift Register Optimization  |               0  |               0  |                                              0  |
|  Post Processing Netlist      |               0  |               0  |                                              0  |
-------------------------------------------------------------------------------------------------------------------------



Starting Connectivity Check Task

Time (s): cpu = 00:00:00 ; elapsed = 00:00:00.001 . Memory (MB): peak = 1473.711 ; gain = 0.000
Ending Logic Optimization Task | Checksum: 26bf4ded7

Time (s): cpu = 00:00:00 ; elapsed = 00:00:00.035 . Memory (MB): peak = 1473.711 ; gain = 0.000

Starting Power Optimization Task
INFO: [Pwropt 34-132] Skipping clock gating for clocks with a period < 2.00 ns.
Ending Power Optimization Task | Checksum: 26bf4ded7

Time (s): cpu = 00:00:00 ; elapsed = 00:00:00.010 . Memory (MB): peak = 1473.711 ; gain = 0.000

Starting Final Cleanup Task
Ending Final Cleanup Task | Checksum: 26bf4ded7

Time (s): cpu = 00:00:00 ; elapsed = 00:00:00 . Memory (MB): peak = 1473.711 ; gain = 0.000

Starting Netlist Obfuscation Task
Netlist sorting complete. Time (s): cpu = 00:00:00 ; elapsed = 00:00:00 . Memory (MB): peak = 1473.711 ; gain = 0.000
Ending Netlist Obfuscation Task | Checksum: 26bf4ded7

Time (s): cpu = 00:00:00 ; elapsed = 00:00:00 . Memory (MB): peak = 1473.711 ; gain = 0.000
INFO: [Common 17-83] Releasing license: Implementation
24 Infos, 0 Warnings, 0 Critical Warnings and 0 Errors encountered.
opt_design completed successfully
opt_design: Time (s): cpu = 00:00:07 ; elapsed = 00:00:08 . Memory (MB): peak = 1473.711 ; gain = 669.516
Netlist sorting complete. Time (s): cpu = 00:00:00 ; elapsed = 00:00:00 . Memory (MB): peak = 1473.711 ; gain = 0.000
INFO: [Timing 38-480] Writing timing data to binary archive.
Writing placer database...
Writing XDEF routing.
Writing XDEF routing logical nets.
Writing XDEF routing special nets.
Write XDEF Complete: Time (s): cpu = 00:00:00 ; elapsed = 00:00:00.024 . Memory (MB): peak = 1473.711 ; gain = 0.000
INFO: [Common 17-1381] The checkpoint 'C:/Users/Takuya/Documents/GitHub/eclypse_z7_test/LED_blink/LED_blink.runs/impl_1/test1_opt.dcp' has been generated.
INFO: [runtcl-4] Executing : report_drc -file test1_drc_opted.rpt -pb test1_drc_opted.pb -rpx test1_drc_opted.rpx
Command: report_drc -file test1_drc_opted.rpt -pb test1_drc_opted.pb -rpx test1_drc_opted.rpx
INFO: [IP_Flow 19-234] Refreshing IP repositories
INFO: [IP_Flow 19-1704] No user IP repositories specified
INFO: [IP_Flow 19-2313] Loaded Vivado IP repository 'C:/Xilinx/Vivado/2019.1/data/ip'.
INFO: [DRC 23-27] Running DRC with 2 threads
INFO: [Coretcl 2-168] The results of DRC are in file C:/Users/Takuya/Documents/GitHub/eclypse_z7_test/LED_blink/LED_blink.runs/impl_1/test1_drc_opted.rpt.
report_drc completed successfully
Command: place_design
Attempting to get a license for feature 'Implementation' and/or device 'xc7z020'
INFO: [Common 17-349] Got license for feature 'Implementation' and/or device 'xc7z020'
INFO: [DRC 23-27] Running DRC with 2 threads
INFO: [Vivado_Tcl 4-198] DRC finished with 0 Errors
INFO: [Vivado_Tcl 4-199] Please refer to the DRC report (report_drc) for more information.
Running DRC as a precondition to command place_design
INFO: [DRC 23-27] Running DRC with 2 threads
INFO: [Vivado_Tcl 4-198] DRC finished with 0 Errors
INFO: [Vivado_Tcl 4-199] Please refer to the DRC report (report_drc) for more information.

Starting Placer Task
INFO: [Place 30-611] Multithreading enabled for place_design using a maximum of 2 CPUs

Phase 1 Placer Initialization

Phase 1.1 Placer Initialization Netlist Sorting
Netlist sorting complete. Time (s): cpu = 00:00:00 ; elapsed = 00:00:00 . Memory (MB): peak = 1473.711 ; gain = 0.000
Phase 1.1 Placer Initialization Netlist Sorting | Checksum: 1cd64c0ef

Time (s): cpu = 00:00:00 ; elapsed = 00:00:00.022 . Memory (MB): peak = 1473.711 ; gain = 0.000
Netlist sorting complete. Time (s): cpu = 00:00:00 ; elapsed = 00:00:00 . Memory (MB): peak = 1473.711 ; gain = 0.000

Phase 1.2 IO Placement/ Clock Placement/ Build Placer Device
INFO: [Timing 38-35] Done setting XDC timing constraints.
Phase 1.2 IO Placement/ Clock Placement/ Build Placer Device | Checksum: 1142f38e6

Time (s): cpu = 00:00:01 ; elapsed = 00:00:00.367 . Memory (MB): peak = 1478.867 ; gain = 5.156

Phase 1.3 Build Placer Netlist Model
Phase 1.3 Build Placer Netlist Model | Checksum: 14f2953ea

Time (s): cpu = 00:00:01 ; elapsed = 00:00:00.430 . Memory (MB): peak = 1478.867 ; gain = 5.156

Phase 1.4 Constrain Clocks/Macros
Phase 1.4 Constrain Clocks/Macros | Checksum: 14f2953ea

Time (s): cpu = 00:00:01 ; elapsed = 00:00:00.432 . Memory (MB): peak = 1478.867 ; gain = 5.156
Phase 1 Placer Initialization | Checksum: 14f2953ea

Time (s): cpu = 00:00:01 ; elapsed = 00:00:00.432 . Memory (MB): peak = 1478.867 ; gain = 5.156

Phase 2 Global Placement

Phase 2.1 Floorplanning
Phase 2.1 Floorplanning | Checksum: 14f2953ea

Time (s): cpu = 00:00:01 ; elapsed = 00:00:00.437 . Memory (MB): peak = 1478.867 ; gain = 5.156

Phase 2.2 Global Placement Core
WARNING: [Place 46-29] place_design is not in timing mode. Skip physical synthesis in placer
Phase 2.2 Global Placement Core | Checksum: 12557ca34

Time (s): cpu = 00:00:01 ; elapsed = 00:00:00.698 . Memory (MB): peak = 1478.867 ; gain = 5.156
Phase 2 Global Placement | Checksum: 12557ca34

Time (s): cpu = 00:00:01 ; elapsed = 00:00:00.700 . Memory (MB): peak = 1478.867 ; gain = 5.156

Phase 3 Detail Placement

Phase 3.1 Commit Multi Column Macros
Phase 3.1 Commit Multi Column Macros | Checksum: 12557ca34

Time (s): cpu = 00:00:01 ; elapsed = 00:00:00.702 . Memory (MB): peak = 1478.867 ; gain = 5.156

Phase 3.2 Commit Most Macros & LUTRAMs
Phase 3.2 Commit Most Macros & LUTRAMs | Checksum: 192a35485

Time (s): cpu = 00:00:01 ; elapsed = 00:00:00.709 . Memory (MB): peak = 1478.867 ; gain = 5.156

Phase 3.3 Area Swap Optimization
Phase 3.3 Area Swap Optimization | Checksum: 192a35485

Time (s): cpu = 00:00:01 ; elapsed = 00:00:00.714 . Memory (MB): peak = 1478.867 ; gain = 5.156

Phase 3.4 Pipeline Register Optimization
Phase 3.4 Pipeline Register Optimization | Checksum: 192a35485

Time (s): cpu = 00:00:01 ; elapsed = 00:00:00.715 . Memory (MB): peak = 1478.867 ; gain = 5.156

Phase 3.5 Small Shape Detail Placement
Phase 3.5 Small Shape Detail Placement | Checksum: 192a35485

Time (s): cpu = 00:00:01 ; elapsed = 00:00:00.752 . Memory (MB): peak = 1478.867 ; gain = 5.156

Phase 3.6 Re-assign LUT pins
Phase 3.6 Re-assign LUT pins | Checksum: 192a35485

Time (s): cpu = 00:00:01 ; elapsed = 00:00:00.752 . Memory (MB): peak = 1478.867 ; gain = 5.156

Phase 3.7 Pipeline Register Optimization
Phase 3.7 Pipeline Register Optimization | Checksum: 192a35485

Time (s): cpu = 00:00:01 ; elapsed = 00:00:00.753 . Memory (MB): peak = 1478.867 ; gain = 5.156
Phase 3 Detail Placement | Checksum: 192a35485

Time (s): cpu = 00:00:01 ; elapsed = 00:00:00.753 . Memory (MB): peak = 1478.867 ; gain = 5.156

Phase 4 Post Placement Optimization and Clean-Up

Phase 4.1 Post Commit Optimization
Phase 4.1 Post Commit Optimization | Checksum: 192a35485

Time (s): cpu = 00:00:01 ; elapsed = 00:00:00.755 . Memory (MB): peak = 1478.867 ; gain = 5.156

Phase 4.2 Post Placement Cleanup
Phase 4.2 Post Placement Cleanup | Checksum: 192a35485

Time (s): cpu = 00:00:01 ; elapsed = 00:00:00.759 . Memory (MB): peak = 1478.867 ; gain = 5.156

Phase 4.3 Placer Reporting
Phase 4.3 Placer Reporting | Checksum: 192a35485

Time (s): cpu = 00:00:01 ; elapsed = 00:00:00.759 . Memory (MB): peak = 1478.867 ; gain = 5.156

Phase 4.4 Final Placement Cleanup
Netlist sorting complete. Time (s): cpu = 00:00:00 ; elapsed = 00:00:00 . Memory (MB): peak = 1478.867 ; gain = 0.000
Phase 4.4 Final Placement Cleanup | Checksum: 192a35485

Time (s): cpu = 00:00:01 ; elapsed = 00:00:00.759 . Memory (MB): peak = 1478.867 ; gain = 5.156
Phase 4 Post Placement Optimization and Clean-Up | Checksum: 192a35485

Time (s): cpu = 00:00:01 ; elapsed = 00:00:00.760 . Memory (MB): peak = 1478.867 ; gain = 5.156
Ending Placer Task | Checksum: 16c8af0bf

Time (s): cpu = 00:00:01 ; elapsed = 00:00:00.760 . Memory (MB): peak = 1478.867 ; gain = 5.156
INFO: [Common 17-83] Releasing license: Implementation
42 Infos, 1 Warnings, 0 Critical Warnings and 0 Errors encountered.
place_design completed successfully
Netlist sorting complete. Time (s): cpu = 00:00:00 ; elapsed = 00:00:00 . Memory (MB): peak = 1478.867 ; gain = 0.000
INFO: [Timing 38-480] Writing timing data to binary archive.
Writing placer database...
Writing XDEF routing.
Writing XDEF routing logical nets.
Writing XDEF routing special nets.
Write XDEF Complete: Time (s): cpu = 00:00:00 ; elapsed = 00:00:00.026 . Memory (MB): peak = 1478.867 ; gain = 0.000
INFO: [Common 17-1381] The checkpoint 'C:/Users/Takuya/Documents/GitHub/eclypse_z7_test/LED_blink/LED_blink.runs/impl_1/test1_placed.dcp' has been generated.
INFO: [runtcl-4] Executing : report_io -file test1_io_placed.rpt
report_io: Time (s): cpu = 00:00:00 ; elapsed = 00:00:00.032 . Memory (MB): peak = 1478.867 ; gain = 0.000
INFO: [runtcl-4] Executing : report_utilization -file test1_utilization_placed.rpt -pb test1_utilization_placed.pb
INFO: [runtcl-4] Executing : report_control_sets -verbose -file test1_control_sets_placed.rpt
report_control_sets: Time (s): cpu = 00:00:00 ; elapsed = 00:00:00.001 . Memory (MB): peak = 1478.867 ; gain = 0.000
Command: route_design
Attempting to get a license for feature 'Implementation' and/or device 'xc7z020'
INFO: [Common 17-349] Got license for feature 'Implementation' and/or device 'xc7z020'
Running DRC as a precondition to command route_design
INFO: [DRC 23-27] Running DRC with 2 threads
INFO: [Vivado_Tcl 4-198] DRC finished with 0 Errors
INFO: [Vivado_Tcl 4-199] Please refer to the DRC report (report_drc) for more information.


Starting Routing Task
INFO: [Route 35-254] Multithreading enabled for route_design using a maximum of 2 CPUs
Checksum: PlaceDB: 6e2a4989 ConstDB: 0 ShapeSum: fe60a736 RouteDB: 0

Phase 1 Build RT Design
Phase 1 Build RT Design | Checksum: 11eee0c3e

Time (s): cpu = 00:00:17 ; elapsed = 00:00:16 . Memory (MB): peak = 1569.906 ; gain = 91.039
Post Restoration Checksum: NetGraph: 27d826ff NumContArr: f715e53f Constraints: 0 Timing: 0

Phase 2 Router Initialization

Phase 2.1 Create Timer
INFO: [Timing 38-35] Done setting XDC timing constraints.
Phase 2.1 Create Timer | Checksum: 11eee0c3e

Time (s): cpu = 00:00:17 ; elapsed = 00:00:16 . Memory (MB): peak = 1637.441 ; gain = 158.574

Phase 2.2 Fix Topology Constraints
Phase 2.2 Fix Topology Constraints | Checksum: 11eee0c3e

Time (s): cpu = 00:00:17 ; elapsed = 00:00:16 . Memory (MB): peak = 1643.469 ; gain = 164.602

Phase 2.3 Pre Route Cleanup
Phase 2.3 Pre Route Cleanup | Checksum: 11eee0c3e

Time (s): cpu = 00:00:17 ; elapsed = 00:00:16 . Memory (MB): peak = 1643.469 ; gain = 164.602
 Number of Nodes with overlaps = 0

Phase 2.4 Update Timing
Phase 2.4 Update Timing | Checksum: 1b78f86ac

Time (s): cpu = 00:00:17 ; elapsed = 00:00:16 . Memory (MB): peak = 1655.797 ; gain = 176.930
INFO: [Route 35-416] Intermediate Timing Summary | WNS=5.573  | TNS=0.000  | WHS=-0.021 | THS=-0.241 |

Phase 2 Router Initialization | Checksum: 23bb9190a

Time (s): cpu = 00:00:17 ; elapsed = 00:00:16 . Memory (MB): peak = 1655.797 ; gain = 176.930

Router Utilization Summary
  Global Vertical Routing Utilization    = 0 %
  Global Horizontal Routing Utilization  = 0 %
  Routable Net Status*
  *Does not include unroutable nets such as driverless and loadless.
  Run report_route_status for detailed report.
  Number of Failed Nets               = 31
    (Failed Nets is the sum of unrouted and partially routed nets)
  Number of Unrouted Nets             = 31
  Number of Partially Routed Nets     = 0
  Number of Node Overlaps             = 0


Phase 3 Initial Routing
 Number of Nodes with overlaps = 0
Phase 3 Initial Routing | Checksum: 255da20e7

Time (s): cpu = 00:00:18 ; elapsed = 00:00:16 . Memory (MB): peak = 1655.797 ; gain = 176.930

Phase 4 Rip-up And Reroute

Phase 4.1 Global Iteration 0
INFO: [Route 35-416] Intermediate Timing Summary | WNS=5.435  | TNS=0.000  | WHS=N/A    | THS=N/A    |

Phase 4.1 Global Iteration 0 | Checksum: 1bbd58c76

Time (s): cpu = 00:00:18 ; elapsed = 00:00:16 . Memory (MB): peak = 1655.797 ; gain = 176.930
Phase 4 Rip-up And Reroute | Checksum: 1bbd58c76

Time (s): cpu = 00:00:18 ; elapsed = 00:00:16 . Memory (MB): peak = 1655.797 ; gain = 176.930

Phase 5 Delay and Skew Optimization

Phase 5.1 Delay CleanUp
Phase 5.1 Delay CleanUp | Checksum: 1bbd58c76

Time (s): cpu = 00:00:18 ; elapsed = 00:00:16 . Memory (MB): peak = 1655.797 ; gain = 176.930

Phase 5.2 Clock Skew Optimization
Phase 5.2 Clock Skew Optimization | Checksum: 1bbd58c76

Time (s): cpu = 00:00:18 ; elapsed = 00:00:16 . Memory (MB): peak = 1655.797 ; gain = 176.930
Phase 5 Delay and Skew Optimization | Checksum: 1bbd58c76

Time (s): cpu = 00:00:18 ; elapsed = 00:00:16 . Memory (MB): peak = 1655.797 ; gain = 176.930

Phase 6 Post Hold Fix

Phase 6.1 Hold Fix Iter

Phase 6.1.1 Update Timing
Phase 6.1.1 Update Timing | Checksum: 242b9ab69

Time (s): cpu = 00:00:18 ; elapsed = 00:00:16 . Memory (MB): peak = 1655.797 ; gain = 176.930
INFO: [Route 35-416] Intermediate Timing Summary | WNS=5.606  | TNS=0.000  | WHS=0.237  | THS=0.000  |

Phase 6.1 Hold Fix Iter | Checksum: 242b9ab69

Time (s): cpu = 00:00:18 ; elapsed = 00:00:16 . Memory (MB): peak = 1655.797 ; gain = 176.930
Phase 6 Post Hold Fix | Checksum: 242b9ab69

Time (s): cpu = 00:00:18 ; elapsed = 00:00:16 . Memory (MB): peak = 1655.797 ; gain = 176.930

Phase 7 Route finalize

Router Utilization Summary
  Global Vertical Routing Utilization    = 0.000310655 %
  Global Horizontal Routing Utilization  = 0.000169033 %
  Routable Net Status*
  *Does not include unroutable nets such as driverless and loadless.
  Run report_route_status for detailed report.
  Number of Failed Nets               = 0
    (Failed Nets is the sum of unrouted and partially routed nets)
  Number of Unrouted Nets             = 0
  Number of Partially Routed Nets     = 0
  Number of Node Overlaps             = 0

Phase 7 Route finalize | Checksum: 242b9ab69

Time (s): cpu = 00:00:18 ; elapsed = 00:00:16 . Memory (MB): peak = 1655.797 ; gain = 176.930

Phase 8 Verifying routed nets

 Verification completed successfully
Phase 8 Verifying routed nets | Checksum: 242b9ab69

Time (s): cpu = 00:00:18 ; elapsed = 00:00:16 . Memory (MB): peak = 1655.797 ; gain = 176.930

Phase 9 Depositing Routes
Phase 9 Depositing Routes | Checksum: 20d898fb6

Time (s): cpu = 00:00:18 ; elapsed = 00:00:16 . Memory (MB): peak = 1655.797 ; gain = 176.930

Phase 10 Post Router Timing
INFO: [Route 35-57] Estimated Timing Summary | WNS=5.606  | TNS=0.000  | WHS=0.237  | THS=0.000  |

INFO: [Route 35-327] The final timing numbers are based on the router estimated timing analysis. For a complete and accurate timing signoff, please run report_timing_summary.
Phase 10 Post Router Timing | Checksum: 20d898fb6

Time (s): cpu = 00:00:18 ; elapsed = 00:00:16 . Memory (MB): peak = 1655.797 ; gain = 176.930
INFO: [Route 35-16] Router Completed Successfully

Time (s): cpu = 00:00:18 ; elapsed = 00:00:16 . Memory (MB): peak = 1655.797 ; gain = 176.930

Routing Is Done.
INFO: [Common 17-83] Releasing license: Implementation
60 Infos, 1 Warnings, 0 Critical Warnings and 0 Errors encountered.
route_design completed successfully
route_design: Time (s): cpu = 00:00:19 ; elapsed = 00:00:17 . Memory (MB): peak = 1655.797 ; gain = 176.930
Netlist sorting complete. Time (s): cpu = 00:00:00 ; elapsed = 00:00:00 . Memory (MB): peak = 1655.797 ; gain = 0.000
INFO: [Timing 38-480] Writing timing data to binary archive.
Writing placer database...
Writing XDEF routing.
Writing XDEF routing logical nets.
Writing XDEF routing special nets.
Write XDEF Complete: Time (s): cpu = 00:00:00 ; elapsed = 00:00:00.027 . Memory (MB): peak = 1665.145 ; gain = 9.348
INFO: [Common 17-1381] The checkpoint 'C:/Users/Takuya/Documents/GitHub/eclypse_z7_test/LED_blink/LED_blink.runs/impl_1/test1_routed.dcp' has been generated.
INFO: [runtcl-4] Executing : report_drc -file test1_drc_routed.rpt -pb test1_drc_routed.pb -rpx test1_drc_routed.rpx
Command: report_drc -file test1_drc_routed.rpt -pb test1_drc_routed.pb -rpx test1_drc_routed.rpx
INFO: [IP_Flow 19-1839] IP Catalog is up to date.
INFO: [DRC 23-27] Running DRC with 2 threads
INFO: [Coretcl 2-168] The results of DRC are in file C:/Users/Takuya/Documents/GitHub/eclypse_z7_test/LED_blink/LED_blink.runs/impl_1/test1_drc_routed.rpt.
report_drc completed successfully
INFO: [runtcl-4] Executing : report_methodology -file test1_methodology_drc_routed.rpt -pb test1_methodology_drc_routed.pb -rpx test1_methodology_drc_routed.rpx
Command: report_methodology -file test1_methodology_drc_routed.rpt -pb test1_methodology_drc_routed.pb -rpx test1_methodology_drc_routed.rpx
INFO: [Timing 38-35] Done setting XDC timing constraints.
INFO: [DRC 23-133] Running Methodology with 2 threads
INFO: [Coretcl 2-1520] The results of Report Methodology are in file C:/Users/Takuya/Documents/GitHub/eclypse_z7_test/LED_blink/LED_blink.runs/impl_1/test1_methodology_drc_routed.rpt.
report_methodology completed successfully
INFO: [runtcl-4] Executing : report_power -file test1_power_routed.rpt -pb test1_power_summary_routed.pb -rpx test1_power_routed.rpx
Command: report_power -file test1_power_routed.rpt -pb test1_power_summary_routed.pb -rpx test1_power_routed.rpx
INFO: [Timing 38-35] Done setting XDC timing constraints.
Running Vector-less Activity Propagation...

Finished Running Vector-less Activity Propagation
72 Infos, 1 Warnings, 0 Critical Warnings and 0 Errors encountered.
report_power completed successfully
INFO: [runtcl-4] Executing : report_route_status -file test1_route_status.rpt -pb test1_route_status.pb
INFO: [runtcl-4] Executing : report_timing_summary -max_paths 10 -file test1_timing_summary_routed.rpt -pb test1_timing_summary_routed.pb -rpx test1_timing_summary_routed.rpx -warn_on_violation 
INFO: [Timing 38-91] UpdateTimingParams: Speed grade: -1, Delay Type: min_max.
INFO: [Timing 38-191] Multithreading enabled for timing update using a maximum of 2 CPUs
INFO: [runtcl-4] Executing : report_incremental_reuse -file test1_incremental_reuse_routed.rpt
INFO: [Vivado_Tcl 4-1062] Incremental flow is disabled. No incremental reuse Info to report.
INFO: [runtcl-4] Executing : report_clock_utilization -file test1_clock_utilization_routed.rpt
INFO: [runtcl-4] Executing : report_bus_skew -warn_on_violation -file test1_bus_skew_routed.rpt -pb test1_bus_skew_routed.pb -rpx test1_bus_skew_routed.rpx
INFO: [Timing 38-91] UpdateTimingParams: Speed grade: -1, Delay Type: min_max.
INFO: [Timing 38-191] Multithreading enabled for timing update using a maximum of 2 CPUs
Command: write_bitstream -force test1.bit
Attempting to get a license for feature 'Implementation' and/or device 'xc7z020'
INFO: [Common 17-349] Got license for feature 'Implementation' and/or device 'xc7z020'
Running DRC as a precondition to command write_bitstream
INFO: [IP_Flow 19-1839] IP Catalog is up to date.
INFO: [DRC 23-27] Running DRC with 2 threads
WARNING: [DRC ZPS7-1] PS7 block required: The PS7 cell must be used in this Zynq design in order to enable correct default configuration.
INFO: [Vivado 12-3199] DRC finished with 0 Errors, 1 Warnings
INFO: [Vivado 12-3200] Please refer to the DRC report (report_drc) for more information.
INFO: [Designutils 20-2272] Running write_bitstream with 2 threads.
Loading data files...
Loading site data...
Loading route data...
Processing options...
Creating bitmap...
Creating bitstream...
Writing bitstream ./test1.bit...
INFO: [Vivado 12-1842] Bitgen Completed Successfully.
INFO: [Project 1-120] WebTalk data collection is mandatory when using a WebPACK part without a full Vivado license. To see the specific WebTalk data collected for your design, open the usage_statistics_webtalk.html or usage_statistics_webtalk.xml file in the implementation directory.
INFO: [Common 17-186] 'C:/Users/Takuya/Documents/GitHub/eclypse_z7_test/LED_blink/LED_blink.runs/impl_1/usage_statistics_webtalk.xml' has been successfully sent to Xilinx on Thu May  4 19:35:47 2023. For additional details about this file, please refer to the WebTalk help file at C:/Xilinx/Vivado/2019.1/doc/webtalk_introduction.html.
INFO: [Common 17-83] Releasing license: Implementation
92 Infos, 2 Warnings, 0 Critical Warnings and 0 Errors encountered.
write_bitstream completed successfully
write_bitstream: Time (s): cpu = 00:00:08 ; elapsed = 00:00:10 . Memory (MB): peak = 2122.441 ; gain = 434.949
INFO: [Common 17-206] Exiting Vivado at Thu May  4 19:35:47 2023...
